mode: atomic
github.com/ifnotnil/httplog/internal/testingx/testing.go:13.80,15.9 2 0
github.com/ifnotnil/httplog/internal/testingx/testing.go:16.40,17.22 1 0
github.com/ifnotnil/httplog/internal/testingx/testing.go:18.40,19.74 1 0
github.com/ifnotnil/httplog/internal/testingx/testing.go:20.40,21.47 1 0
github.com/ifnotnil/httplog/internal/testingx/testing.go:25.87,26.39 1 0
github.com/ifnotnil/httplog/internal/testingx/testing.go:26.39,28.31 2 0
github.com/ifnotnil/httplog/internal/testingx/testing.go:28.31,30.4 1 0
github.com/ifnotnil/httplog/internal/testingx/testing.go:34.74,35.39 1 0
github.com/ifnotnil/httplog/internal/testingx/testing.go:35.39,37.46 2 0
github.com/ifnotnil/httplog/internal/testingx/testing.go:37.46,38.43 1 0
github.com/ifnotnil/httplog/internal/testingx/testing.go:38.43,40.5 1 0
github.com/ifnotnil/httplog/internal/testingx/testing.go:45.68,46.39 1 0
github.com/ifnotnil/httplog/internal/testingx/testing.go:46.39,48.36 2 0
github.com/ifnotnil/httplog/internal/testingx/testing.go:48.36,50.4 1 0
github.com/ifnotnil/httplog/internal/testingx/testing.go:54.46,56.49 2 0
github.com/ifnotnil/httplog/internal/testingx/testing.go:56.49,59.3 2 0
github.com/ifnotnil/httplog/internal/testingx/testing.go:62.62,63.16 1 0
github.com/ifnotnil/httplog/internal/testingx/testing.go:63.16,65.3 1 0
github.com/ifnotnil/httplog/internal/testingx/testing.go:67.2,67.16 1 0
github.com/ifnotnil/httplog/internal/testingx/testing.go:67.16,69.3 1 0
github.com/ifnotnil/httplog/internal/testingx/testing.go:71.2,71.25 1 0
github.com/ifnotnil/httplog/internal/testingx/testing.go:72.35,73.44 1 0
github.com/ifnotnil/httplog/internal/testingx/testing.go:74.37,75.34 1 0
github.com/ifnotnil/httplog/internal/testingx/testing.go:75.34,76.35 1 0
github.com/ifnotnil/httplog/internal/testingx/testing.go:76.35,78.5 1 0
github.com/ifnotnil/httplog/internal/testingx/testing.go:80.3,80.15 1 0
github.com/ifnotnil/httplog/internal/testingx/testing.go:83.2,83.14 1 0
github.com/ifnotnil/httplog/internal/testingx/testing.go:86.68,87.39 1 0
github.com/ifnotnil/httplog/internal/testingx/testing.go:87.39,89.40 2 0
github.com/ifnotnil/httplog/internal/testingx/testing.go:89.40,91.4 1 0
github.com/ifnotnil/httplog/internal/testingx/testing.go:95.60,97.15 2 0
github.com/ifnotnil/httplog/internal/testingx/testing.go:97.15,99.18 2 0
github.com/ifnotnil/httplog/internal/testingx/testing.go:99.18,101.4 1 0
github.com/ifnotnil/httplog/internal/testingx/testing.go:102.3,103.17 2 0
github.com/ifnotnil/httplog/internal/testingx/testing.go:103.17,105.4 1 0
github.com/ifnotnil/httplog/internal/testingx/testing.go:108.2,109.16 2 0
github.com/ifnotnil/httplog/internal/testingx/testing.go:109.16,111.3 1 0
github.com/ifnotnil/httplog/internal/testingx/testing.go:113.2,113.10 1 0
github.com/ifnotnil/httplog/internal/testingx/testing.go:116.76,118.51 2 0
github.com/ifnotnil/httplog/internal/testingx/testing.go:118.51,121.14 2 0
github.com/ifnotnil/httplog/internal/testingx/testing.go:121.14,123.12 2 0
github.com/ifnotnil/httplog/internal/testingx/testing.go:126.3,126.54 1 0
github.com/ifnotnil/httplog/internal/testingx/testing.go:126.54,127.63 1 0
github.com/ifnotnil/httplog/internal/testingx/testing.go:127.63,129.13 2 0
github.com/ifnotnil/httplog/internal/testingx/testing.go:133.3,133.43 1 0
github.com/ifnotnil/httplog/attr.go:16.78,19.28 2 2
github.com/ifnotnil/httplog/attr.go:19.28,20.47 1 5
github.com/ifnotnil/httplog/attr.go:20.47,21.12 1 0
github.com/ifnotnil/httplog/attr.go:23.3,23.47 1 5
github.com/ifnotnil/httplog/attr.go:23.47,25.12 2 0
github.com/ifnotnil/httplog/attr.go:27.3,27.46 1 5
github.com/ifnotnil/httplog/attr.go:30.2,30.58 1 2
github.com/ifnotnil/httplog/attr.go:33.59,44.2 8 1
github.com/ifnotnil/httplog/attr.go:46.72,52.2 3 1
github.com/ifnotnil/httplog/attr.go:54.90,63.33 7 1
github.com/ifnotnil/httplog/attr.go:63.33,65.3 1 0
github.com/ifnotnil/httplog/attr.go:67.2,70.21 2 1
github.com/ifnotnil/httplog/attr.go:70.21,72.3 1 0
github.com/ifnotnil/httplog/attr.go:75.2,75.25 1 1
github.com/ifnotnil/httplog/attr.go:75.25,77.3 1 0
github.com/ifnotnil/httplog/attr.go:82.2,82.24 1 1
github.com/ifnotnil/httplog/attr.go:82.24,84.3 1 0
github.com/ifnotnil/httplog/attr.go:86.2,90.18 3 1
github.com/ifnotnil/httplog/attr.go:90.18,92.3 1 0
github.com/ifnotnil/httplog/attr.go:97.2,97.10 1 1
github.com/ifnotnil/httplog/attr.go:100.88,104.9 2 1
github.com/ifnotnil/httplog/attr.go:105.46,106.55 1 0
github.com/ifnotnil/httplog/attr.go:107.44,108.67 1 0
github.com/ifnotnil/httplog/attr.go:109.10,111.17 2 1
github.com/ifnotnil/httplog/attr.go:111.17,113.4 1 0
github.com/ifnotnil/httplog/attr.go:114.3,114.40 1 1
github.com/ifnotnil/httplog/attr.go:117.2,117.10 1 1
github.com/ifnotnil/httplog/attr.go:120.82,122.2 1 1
github.com/ifnotnil/httplog/attr.go:124.74,130.2 3 0
github.com/ifnotnil/httplog/attr.go:132.92,139.33 6 0
github.com/ifnotnil/httplog/attr.go:139.33,141.3 1 0
github.com/ifnotnil/httplog/attr.go:142.2,143.24 2 0
github.com/ifnotnil/httplog/attr.go:143.24,145.3 1 0
github.com/ifnotnil/httplog/attr.go:147.2,147.18 1 0
github.com/ifnotnil/httplog/attr.go:147.18,149.3 1 0
github.com/ifnotnil/httplog/attr.go:151.2,151.10 1 0
github.com/ifnotnil/httplog/attr.go:154.90,157.9 2 0
github.com/ifnotnil/httplog/attr.go:158.46,159.55 1 0
github.com/ifnotnil/httplog/attr.go:160.45,161.67 1 0
github.com/ifnotnil/httplog/attr.go:162.10,164.17 2 0
github.com/ifnotnil/httplog/attr.go:164.17,166.4 1 0
github.com/ifnotnil/httplog/attr.go:167.3,167.40 1 0
github.com/ifnotnil/httplog/attr.go:170.2,170.10 1 0
github.com/ifnotnil/httplog/attr.go:173.83,175.2 1 0
github.com/ifnotnil/httplog/attr.go:181.112,187.72 4 1
github.com/ifnotnil/httplog/attr.go:187.72,189.3 1 1
github.com/ifnotnil/httplog/attr.go:191.2,191.65 1 1
github.com/ifnotnil/httplog/attr.go:194.49,195.16 1 0
github.com/ifnotnil/httplog/attr.go:195.16,197.3 1 0
github.com/ifnotnil/httplog/attr.go:198.2,198.38 1 0
github.com/ifnotnil/httplog/attr.go:201.47,203.2 1 1
github.com/ifnotnil/httplog/attr.go:205.56,206.17 1 0
github.com/ifnotnil/httplog/attr.go:206.17,208.3 1 0
github.com/ifnotnil/httplog/attr.go:210.2,211.19 2 0
github.com/ifnotnil/httplog/attr.go:211.19,213.3 1 0
github.com/ifnotnil/httplog/attr.go:215.2,218.3 1 0
github.com/ifnotnil/httplog/attr.go:221.62,227.2 1 0
github.com/ifnotnil/httplog/attr.go:229.38,235.2 1 2
github.com/ifnotnil/httplog/attr.go:237.46,240.59 2 2
github.com/ifnotnil/httplog/attr.go:240.59,242.3 1 2
github.com/ifnotnil/httplog/attr.go:243.2,243.42 1 0
github.com/ifnotnil/httplog/inbound.go:11.63,12.17 1 1
github.com/ifnotnil/httplog/inbound.go:13.13,14.31 1 1
github.com/ifnotnil/httplog/inbound.go:15.11,16.29 1 0
github.com/ifnotnil/httplog/inbound.go:17.10,18.31 1 0
github.com/ifnotnil/httplog/inbound.go:22.68,23.71 1 1
github.com/ifnotnil/httplog/inbound.go:23.71,44.3 10 1
github.com/ifnotnil/httplog/inbound.go:47.66,48.71 1 0
github.com/ifnotnil/httplog/inbound.go:48.71,51.101 2 0
github.com/ifnotnil/httplog/inbound.go:51.101,52.22 1 0
github.com/ifnotnil/httplog/inbound.go:52.22,54.5 1 0
github.com/ifnotnil/httplog/inbound.go:55.4,55.23 1 0
github.com/ifnotnil/httplog/inbound.go:55.23,57.5 1 0
github.com/ifnotnil/httplog/inbound.go:58.4,58.54 1 0
github.com/ifnotnil/httplog/inbound.go:61.3,77.36 8 0
github.com/ifnotnil/httplog/inbound.go:81.74,83.2 1 1
github.com/ifnotnil/httplog/io.go:15.58,18.20 1 1
github.com/ifnotnil/httplog/io.go:18.20,22.5 3 0
github.com/ifnotnil/httplog/io.go:26.2,26.10 1 1
github.com/ifnotnil/httplog/io.go:29.47,32.9 3 0
github.com/ifnotnil/httplog/io.go:32.9,34.3 1 0
github.com/ifnotnil/httplog/io.go:35.2,36.12 2 0
github.com/ifnotnil/httplog/io.go:39.50,41.2 1 0
github.com/ifnotnil/httplog/io.go:49.95,55.56 2 0
github.com/ifnotnil/httplog/io.go:55.56,58.4 2 0
github.com/ifnotnil/httplog/io.go:61.2,61.56 1 0
github.com/ifnotnil/httplog/io.go:61.56,68.3 2 0
github.com/ifnotnil/httplog/io.go:70.2,70.51 1 0
github.com/ifnotnil/httplog/io.go:73.91,80.56 2 0
github.com/ifnotnil/httplog/io.go:80.56,87.3 2 0
github.com/ifnotnil/httplog/io.go:89.2,89.51 1 0
github.com/ifnotnil/httplog/io.go:104.59,109.26 3 0
github.com/ifnotnil/httplog/io.go:109.26,111.3 1 0
github.com/ifnotnil/httplog/io.go:113.2,113.11 1 0
github.com/ifnotnil/httplog/io.go:113.11,114.56 1 0
github.com/ifnotnil/httplog/io.go:114.56,116.14 2 0
github.com/ifnotnil/httplog/io.go:116.14,118.5 1 0
github.com/ifnotnil/httplog/io.go:120.4,120.17 1 0
github.com/ifnotnil/httplog/io.go:124.2,124.8 1 0
github.com/ifnotnil/httplog/io.go:127.48,127.64 1 0
github.com/ifnotnil/httplog/io.go:129.39,130.39 1 0
github.com/ifnotnil/httplog/io.go:130.39,132.3 1 0
github.com/ifnotnil/httplog/io.go:134.2,136.19 2 0
github.com/ifnotnil/httplog/io.go:139.32,140.17 1 0
github.com/ifnotnil/httplog/io.go:140.17,141.22 1 0
github.com/ifnotnil/httplog/io.go:141.22,143.4 1 0
github.com/ifnotnil/httplog/io.go:157.64,159.2 1 0
github.com/ifnotnil/httplog/io.go:176.58,177.24 1 1
github.com/ifnotnil/httplog/io.go:177.24,179.17 2 0
github.com/ifnotnil/httplog/io.go:179.17,181.4 1 0
github.com/ifnotnil/httplog/io.go:183.3,183.26 1 0
github.com/ifnotnil/httplog/io.go:186.2,188.15 2 1
github.com/ifnotnil/httplog/io.go:188.15,190.3 1 1
github.com/ifnotnil/httplog/io.go:192.2,192.50 1 1
github.com/ifnotnil/httplog/io.go:192.50,194.3 1 0
github.com/ifnotnil/httplog/io.go:196.2,196.41 1 1
github.com/ifnotnil/httplog/io.go:196.41,198.3 1 0
github.com/ifnotnil/httplog/io.go:200.2,200.25 1 1
github.com/ifnotnil/httplog/io.go:203.60,206.15 2 0
github.com/ifnotnil/httplog/io.go:206.15,208.3 1 0
github.com/ifnotnil/httplog/io.go:210.2,210.50 1 0
github.com/ifnotnil/httplog/io.go:210.50,212.3 1 0
github.com/ifnotnil/httplog/io.go:214.2,214.41 1 0
github.com/ifnotnil/httplog/io.go:214.41,216.3 1 0
github.com/ifnotnil/httplog/io.go:218.2,218.25 1 0
github.com/ifnotnil/httplog/logger.go:7.51,8.29 1 1
github.com/ifnotnil/httplog/logger.go:8.29,8.50 1 1
github.com/ifnotnil/httplog/logger.go:11.52,12.29 1 1
github.com/ifnotnil/httplog/logger.go:12.29,12.51 1 1
github.com/ifnotnil/httplog/logger.go:15.36,16.29 1 0
github.com/ifnotnil/httplog/logger.go:16.29,16.43 1 0
github.com/ifnotnil/httplog/logger.go:19.47,20.29 1 0
github.com/ifnotnil/httplog/logger.go:20.29,20.49 1 0
github.com/ifnotnil/httplog/logger.go:23.53,29.25 2 1
github.com/ifnotnil/httplog/logger.go:29.25,31.3 1 2
github.com/ifnotnil/httplog/logger.go:33.2,33.22 1 1
github.com/ifnotnil/httplog/logger.go:33.22,35.3 1 0
github.com/ifnotnil/httplog/logger.go:37.2,41.11 2 1
github.com/ifnotnil/httplog/outbound.go:15.79,17.2 1 0
github.com/ifnotnil/httplog/outbound.go:19.83,20.17 1 0
github.com/ifnotnil/httplog/outbound.go:21.13,22.42 1 0
github.com/ifnotnil/httplog/outbound.go:23.11,24.40 1 0
github.com/ifnotnil/httplog/outbound.go:25.10,26.42 1 0
github.com/ifnotnil/httplog/outbound.go:30.88,31.57 1 0
github.com/ifnotnil/httplog/outbound.go:31.57,41.17 6 0
github.com/ifnotnil/httplog/outbound.go:41.17,43.4 1 0
github.com/ifnotnil/httplog/outbound.go:45.3,48.18 3 0
github.com/ifnotnil/httplog/outbound.go:52.86,53.57 1 0
github.com/ifnotnil/httplog/outbound.go:53.57,56.105 2 0
github.com/ifnotnil/httplog/outbound.go:56.105,57.22 1 0
github.com/ifnotnil/httplog/outbound.go:57.22,59.5 1 0
github.com/ifnotnil/httplog/outbound.go:60.4,60.23 1 0
github.com/ifnotnil/httplog/outbound.go:60.23,62.5 1 0
github.com/ifnotnil/httplog/outbound.go:63.4,63.54 1 0
github.com/ifnotnil/httplog/outbound.go:66.3,73.17 5 0
github.com/ifnotnil/httplog/outbound.go:73.17,75.4 1 0
github.com/ifnotnil/httplog/outbound.go:77.3,80.105 3 0
github.com/ifnotnil/httplog/outbound.go:80.105,81.22 1 0
github.com/ifnotnil/httplog/outbound.go:81.22,83.5 1 0
github.com/ifnotnil/httplog/outbound.go:84.4,84.23 1 0
github.com/ifnotnil/httplog/outbound.go:84.23,86.5 1 0
github.com/ifnotnil/httplog/outbound.go:87.4,91.40 3 0
github.com/ifnotnil/httplog/outbound.go:94.3,94.18 1 0
github.com/ifnotnil/httplog/outbound.go:98.75,100.2 1 0
github.com/ifnotnil/httplog/policy.go:20.71,21.26 1 5
github.com/ifnotnil/httplog/policy.go:21.26,23.3 1 5
github.com/ifnotnil/httplog/policy.go:25.2,25.41 1 0
github.com/ifnotnil/httplog/policy.go:28.71,29.33 1 5
github.com/ifnotnil/httplog/policy.go:29.33,31.3 1 5
github.com/ifnotnil/httplog/policy.go:33.2,33.48 1 0
github.com/ifnotnil/httplog/policy.go:36.63,37.35 1 1
github.com/ifnotnil/httplog/policy.go:37.35,39.3 1 1
github.com/ifnotnil/httplog/policy.go:41.2,41.34 1 0
github.com/ifnotnil/httplog/policy.go:44.65,45.36 1 0
github.com/ifnotnil/httplog/policy.go:45.36,47.3 1 0
github.com/ifnotnil/httplog/policy.go:49.2,49.35 1 0
github.com/ifnotnil/httplog/policy.go:52.103,53.42 1 1
github.com/ifnotnil/httplog/policy.go:53.42,55.3 1 1
github.com/ifnotnil/httplog/policy.go:57.2,57.65 1 0
github.com/ifnotnil/httplog/policy.go:62.83,67.2 3 1
github.com/ifnotnil/httplog/policy.go:71.118,75.2 2 1
github.com/ifnotnil/httplog/policy.go:79.86,84.2 3 0
github.com/ifnotnil/httplog/writer.go:34.76,53.15 13 1
github.com/ifnotnil/httplog/writer.go:53.15,55.3 1 1
github.com/ifnotnil/httplog/writer.go:57.2,57.14 1 1
github.com/ifnotnil/httplog/writer.go:57.14,59.3 1 0
github.com/ifnotnil/httplog/writer.go:61.2,61.18 1 1
github.com/ifnotnil/httplog/writer.go:61.18,63.3 1 1
github.com/ifnotnil/httplog/writer.go:65.2,65.16 1 1
github.com/ifnotnil/httplog/writer.go:65.16,67.3 1 1
github.com/ifnotnil/httplog/writer.go:69.2,69.23 1 1
github.com/ifnotnil/httplog/writer.go:69.23,77.3 1 0
github.com/ifnotnil/httplog/writer.go:79.2,79.9 1 1
github.com/ifnotnil/httplog/writer.go:81.85,82.31 1 1
github.com/ifnotnil/httplog/writer.go:85.38,86.32 1 0
github.com/ifnotnil/httplog/writer.go:87.37,88.112 1 0
github.com/ifnotnil/httplog/writer.go:91.62,92.108 1 0
github.com/ifnotnil/httplog/writer.go:95.62,96.114 1 0
github.com/ifnotnil/httplog/writer.go:101.62,102.102 1 0
github.com/ifnotnil/httplog/writer.go:109.62,110.105 1 0
github.com/ifnotnil/httplog/writer.go:117.61,118.131 1 0
github.com/ifnotnil/httplog/writer.go:124.10,125.31 1 0
github.com/ifnotnil/httplog/writer.go:197.62,199.2 1 0
github.com/ifnotnil/httplog/writer.go:201.61,202.20 1 1
github.com/ifnotnil/httplog/writer.go:202.20,206.3 3 1
github.com/ifnotnil/httplog/writer.go:209.70,210.20 1 1
github.com/ifnotnil/httplog/writer.go:210.20,212.3 1 0
github.com/ifnotnil/httplog/writer.go:214.2,214.18 1 1
github.com/ifnotnil/httplog/writer.go:214.18,216.3 1 0
github.com/ifnotnil/httplog/writer.go:218.2,219.18 2 1
github.com/ifnotnil/httplog/writer.go:219.18,222.3 2 1
github.com/ifnotnil/httplog/writer.go:224.2,225.15 2 1
github.com/ifnotnil/httplog/writer.go:228.54,230.2 1 2
github.com/ifnotnil/httplog/writer.go:232.46,234.2 1 1
github.com/ifnotnil/httplog/writer.go:236.52,238.2 1 0
github.com/ifnotnil/httplog/writer.go:240.56,242.2 1 1
github.com/ifnotnil/httplog/writer.go:252.27,255.2 2 0
github.com/ifnotnil/httplog/writer.go:264.66,266.2 1 0
github.com/ifnotnil/httplog/writer.go:275.68,277.2 1 0
github.com/ifnotnil/httplog/writer.go:287.59,291.2 3 0
github.com/ifnotnil/httplog/writer.go:304.53,306.2 1 0
github.com/ifnotnil/httplog/writer.go:308.76,310.2 1 0
github.com/ifnotnil/httplog/writer.go:312.71,314.2 1 0
github.com/ifnotnil/httplog/writer.go:316.59,318.2 1 0
github.com/ifnotnil/httplog/writer.go:320.78,322.2 1 0
github.com/ifnotnil/httplog/internal/testingx/testing.go:13.80,15.9 2 0
github.com/ifnotnil/httplog/internal/testingx/testing.go:16.40,17.22 1 0
github.com/ifnotnil/httplog/internal/testingx/testing.go:18.40,19.74 1 0
github.com/ifnotnil/httplog/internal/testingx/testing.go:20.40,21.47 1 0
github.com/ifnotnil/httplog/internal/testingx/testing.go:25.87,26.39 1 0
github.com/ifnotnil/httplog/internal/testingx/testing.go:26.39,28.31 2 0
github.com/ifnotnil/httplog/internal/testingx/testing.go:28.31,30.4 1 0
github.com/ifnotnil/httplog/internal/testingx/testing.go:34.74,35.39 1 0
github.com/ifnotnil/httplog/internal/testingx/testing.go:35.39,37.46 2 0
github.com/ifnotnil/httplog/internal/testingx/testing.go:37.46,38.43 1 0
github.com/ifnotnil/httplog/internal/testingx/testing.go:38.43,40.5 1 0
github.com/ifnotnil/httplog/internal/testingx/testing.go:45.68,46.39 1 0
github.com/ifnotnil/httplog/internal/testingx/testing.go:46.39,48.36 2 0
github.com/ifnotnil/httplog/internal/testingx/testing.go:48.36,50.4 1 0
github.com/ifnotnil/httplog/internal/testingx/testing.go:54.46,56.49 2 0
github.com/ifnotnil/httplog/internal/testingx/testing.go:56.49,59.3 2 0
github.com/ifnotnil/httplog/internal/testingx/testing.go:62.62,63.16 1 0
github.com/ifnotnil/httplog/internal/testingx/testing.go:63.16,65.3 1 0
github.com/ifnotnil/httplog/internal/testingx/testing.go:67.2,67.16 1 0
github.com/ifnotnil/httplog/internal/testingx/testing.go:67.16,69.3 1 0
github.com/ifnotnil/httplog/internal/testingx/testing.go:71.2,71.25 1 0
github.com/ifnotnil/httplog/internal/testingx/testing.go:72.35,73.44 1 0
github.com/ifnotnil/httplog/internal/testingx/testing.go:74.37,75.34 1 0
github.com/ifnotnil/httplog/internal/testingx/testing.go:75.34,76.35 1 0
github.com/ifnotnil/httplog/internal/testingx/testing.go:76.35,78.5 1 0
github.com/ifnotnil/httplog/internal/testingx/testing.go:80.3,80.15 1 0
github.com/ifnotnil/httplog/internal/testingx/testing.go:83.2,83.14 1 0
github.com/ifnotnil/httplog/internal/testingx/testing.go:86.68,87.39 1 0
github.com/ifnotnil/httplog/internal/testingx/testing.go:87.39,89.40 2 0
github.com/ifnotnil/httplog/internal/testingx/testing.go:89.40,91.4 1 0
github.com/ifnotnil/httplog/internal/testingx/testing.go:95.60,97.15 2 2
github.com/ifnotnil/httplog/internal/testingx/testing.go:97.15,99.18 2 2
github.com/ifnotnil/httplog/internal/testingx/testing.go:99.18,101.4 1 0
github.com/ifnotnil/httplog/internal/testingx/testing.go:102.3,103.17 2 2
github.com/ifnotnil/httplog/internal/testingx/testing.go:103.17,105.4 1 0
github.com/ifnotnil/httplog/internal/testingx/testing.go:108.2,109.16 2 2
github.com/ifnotnil/httplog/internal/testingx/testing.go:109.16,111.3 1 0
github.com/ifnotnil/httplog/internal/testingx/testing.go:113.2,113.10 1 2
github.com/ifnotnil/httplog/internal/testingx/testing.go:116.76,118.51 2 0
github.com/ifnotnil/httplog/internal/testingx/testing.go:118.51,121.14 2 0
github.com/ifnotnil/httplog/internal/testingx/testing.go:121.14,123.12 2 0
github.com/ifnotnil/httplog/internal/testingx/testing.go:126.3,126.54 1 0
github.com/ifnotnil/httplog/internal/testingx/testing.go:126.54,127.63 1 0
github.com/ifnotnil/httplog/internal/testingx/testing.go:127.63,129.13 2 0
github.com/ifnotnil/httplog/internal/testingx/testing.go:133.3,133.43 1 0
